TN:
SF:E:\roger\school materials\Andela\our bootcamp\Broadcaster\server/server.js
FN:13,(anonymous_1)
FNF:1
FNH:1
FNDA:1,(anonymous_1)
DA:1,1
DA:2,1
DA:3,1
DA:4,1
DA:7,1
DA:8,1
DA:9,1
DA:10,1
DA:11,1
DA:12,1
DA:13,1
DA:14,1
LF:12
LH:12
BRDA:8,0,0,1
BRDA:8,0,1,1
BRF:2
BRH:2
end_of_record
TN:
SF:E:\roger\school materials\Andela\our bootcamp\Broadcaster\server\controllers/redflags.controller.js
FN:9,fetchAllRedFlags
FN:15,getSpecificRedflag
FN:16,(anonymous_8)
FN:28,createRedflag
FN:46,(anonymous_10)
FN:63,editLocation
FN:64,(anonymous_12)
FN:66,(anonymous_13)
FN:101,editComment
FN:102,(anonymous_15)
FN:104,(anonymous_16)
FN:141,deleteRedflag
FN:142,(anonymous_18)
FN:144,(anonymous_19)
FNF:14
FNH:0
FNDA:0,fetchAllRedFlags
FNDA:0,getSpecificRedflag
FNDA:0,(anonymous_8)
FNDA:0,createRedflag
FNDA:0,(anonymous_10)
FNDA:0,editLocation
FNDA:0,(anonymous_12)
FNDA:0,(anonymous_13)
FNDA:0,editComment
FNDA:0,(anonymous_15)
FNDA:0,(anonymous_16)
FNDA:0,deleteRedflag
FNDA:0,(anonymous_18)
FNDA:0,(anonymous_19)
DA:2,1
DA:3,1
DA:5,1
DA:6,1
DA:10,0
DA:16,0
DA:17,0
DA:18,0
DA:23,0
DA:29,0
DA:38,0
DA:39,0
DA:40,0
DA:41,0
DA:43,0
DA:46,0
DA:54,0
DA:55,0
DA:64,0
DA:65,0
DA:66,0
DA:67,0
DA:68,0
DA:69,0
DA:77,0
DA:78,0
DA:86,0
DA:93,0
DA:102,0
DA:103,0
DA:104,0
DA:105,0
DA:106,0
DA:107,0
DA:114,0
DA:115,0
DA:116,0
DA:117,0
DA:118,0
DA:126,0
DA:133,0
DA:142,0
DA:143,0
DA:144,0
DA:145,0
DA:146,0
DA:147,0
DA:154,0
DA:155,0
DA:164,0
DA:171,0
DA:181,1
DA:182,1
LF:53
LH:6
BRDA:17,0,0,0
BRDA:17,0,1,0
BRDA:39,1,0,0
BRDA:39,1,1,0
BRDA:65,2,0,0
BRDA:65,2,1,0
BRDA:67,3,0,0
BRDA:67,3,1,0
BRDA:68,4,0,0
BRDA:68,4,1,0
BRDA:103,5,0,0
BRDA:103,5,1,0
BRDA:105,6,0,0
BRDA:105,6,1,0
BRDA:106,7,0,0
BRDA:106,7,1,0
BRDA:143,8,0,0
BRDA:143,8,1,0
BRDA:145,9,0,0
BRDA:145,9,1,0
BRDA:146,10,0,0
BRDA:146,10,1,0
BRF:22
BRH:0
end_of_record
TN:
SF:E:\roger\school materials\Andela\our bootcamp\Broadcaster\server\controllers/users.controller.js
FN:8,createUser
FN:49,loginUser
FN:59,(anonymous_8)
FN:60,isPasswordCorrect
FNF:4
FNH:1
FNDA:1,createUser
FNDA:0,loginUser
FNDA:0,(anonymous_8)
FNDA:0,isPasswordCorrect
DA:1,1
DA:2,1
DA:3,1
DA:4,1
DA:9,1
DA:18,1
DA:19,1
DA:20,0
DA:21,0
DA:23,1
DA:32,1
DA:33,1
DA:34,1
DA:50,0
DA:54,0
DA:55,0
DA:56,0
DA:57,0
DA:59,0
DA:60,0
DA:61,0
DA:63,0
DA:64,0
DA:65,0
DA:79,0
DA:87,1
DA:88,1
LF:27
LH:13
BRDA:19,0,0,0
BRDA:19,0,1,1
BRDA:55,1,0,0
BRDA:55,1,1,0
BRDA:61,2,0,0
BRDA:61,2,1,0
BRDA:63,3,0,0
BRDA:63,3,1,0
BRDA:63,4,0,0
BRDA:63,4,1,0
BRF:10
BRH:1
end_of_record
TN:
SF:E:\roger\school materials\Andela\our bootcamp\Broadcaster\server\middlewares/auth.middleware.js
FN:3,ifEmailExist
FN:4,(anonymous_1)
FNF:2
FNH:2
FNDA:1,ifEmailExist
FNDA:2,(anonymous_1)
DA:1,1
DA:3,1
DA:4,2
DA:5,1
DA:6,0
DA:11,1
LF:6
LH:5
BRDA:5,0,0,0
BRDA:5,0,1,1
BRF:2
BRH:1
end_of_record
TN:
SF:E:\roger\school materials\Andela\our bootcamp\Broadcaster\server\middlewares/token.middleware.js
FN:4,verifyToken
FN:16,(anonymous_2)
FNF:2
FNH:0
FNDA:0,verifyToken
FNDA:0,(anonymous_2)
DA:1,1
DA:2,1
DA:4,1
DA:5,0
DA:7,0
DA:8,0
DA:14,0
DA:15,0
DA:16,0
DA:17,0
DA:18,0
DA:23,0
DA:24,0
DA:26,0
DA:31,0
DA:33,1
LF:16
LH:4
BRDA:7,0,0,0
BRDA:7,0,1,0
BRDA:17,1,0,0
BRDA:17,1,1,0
BRF:4
BRH:0
end_of_record
TN:
SF:E:\roger\school materials\Andela\our bootcamp\Broadcaster\server\models/data.js
FNF:0
FNH:0
DA:1,1
DA:2,1
DA:3,1
DA:27,1
LF:4
LH:4
BRF:0
BRH:0
end_of_record
TN:
SF:E:\roger\school materials\Andela\our bootcamp\Broadcaster\server\models/redflag.model.js
FN:2,Redflag
FNF:1
FNH:1
FNDA:2,Redflag
DA:2,10
DA:3,2
DA:4,2
DA:5,2
DA:6,2
DA:7,2
DA:8,2
DA:9,2
DA:10,2
DA:11,2
DA:12,2
DA:15,1
LF:12
LH:12
BRDA:2,0,0,2
BRDA:2,0,1,0
BRDA:2,1,0,12
BRDA:2,1,1,4
BRDA:2,2,0,2
BRDA:2,2,1,0
BRF:6
BRH:4
end_of_record
TN:
SF:E:\roger\school materials\Andela\our bootcamp\Broadcaster\server\models/user.model.js
FN:4,User
FNF:1
FNH:1
FNDA:3,User
DA:4,3
DA:5,3
DA:6,3
DA:7,3
DA:8,3
DA:9,3
DA:10,3
DA:11,3
DA:12,3
DA:15,1
LF:10
LH:10
BRDA:4,0,0,2
BRDA:4,0,1,1
BRDA:4,1,0,3
BRDA:4,1,1,2
BRF:4
BRH:4
end_of_record
TN:
SF:E:\roger\school materials\Andela\our bootcamp\Broadcaster\server\routes/auth.route.js
FNF:0
FNH:0
DA:1,1
DA:2,1
DA:3,1
DA:4,1
DA:6,1
DA:7,1
DA:9,1
LF:7
LH:7
BRF:0
BRH:0
end_of_record
TN:
SF:E:\roger\school materials\Andela\our bootcamp\Broadcaster\server\routes/redflags.route.js
FNF:0
FNH:0
DA:1,1
DA:2,1
DA:3,1
DA:4,1
DA:6,1
DA:7,1
DA:8,1
DA:9,1
DA:10,1
DA:11,1
DA:12,1
LF:11
LH:11
BRF:0
BRH:0
end_of_record
